Arguments: 
  /usr/local/bin/node /Users/J/.npm-global/lib/node_modules/@sanity/cli/vendor/yarn add sanity-plugin-asset-source-cloudinary --json --non-interactive --ignore-engines --registry https://registry.npmjs.org

PATH: 
  /Users/J/Dev/sites/blog/studio/node_modules/.bin:/Users/J/Dev/sites/blog/node_modules/.bin:/Users/J/Dev/sites/node_modules/.bin:/Users/J/Dev/node_modules/.bin:/Users/J/node_modules/.bin:/Users/node_modules/.bin:/node_modules/.bin:/usr/local/bin:/Users/J/.npm-global/lib/node_modules/vendor:/Library/Frameworks/Python.framework/Versions/3.7/bin:/Library/Frameworks/Python.framework/Versions/3.4/bin:/Users/J/.rvm/gems/ruby-2.5.1/bin:/Users/J/.rvm/gems/ruby-2.5.1@global/bin:/Users/J/.rvm/rubies/ruby-2.5.1/bin:/usr/local/bin:/usr/bin:/bin:/usr/sbin:/sbin:/usr/local/share/dotnet:/opt/X11/bin:/Library/Frameworks/Mono.framework/Versions/Current/Commands:/Users/J/.rvm/bin:/Applications/Postgres.app/Contents/Versions/latest/bin:/usr/local/bin/composer:/usr/local/bin/:/Users/J/.composer/vendor/bin:/Users/J/.npm-global/lib/node_modules/@sanity/cli/bin

Yarn version: 
  1.6.0

Node version: 
  12.16.1

Platform: 
  darwin x64

Trace: 
  Error: https://registry.npmjs.org/schema-utils/-/schema-utils-2.6.5.tgz: ENOSPC: no space left on device, write

npm manifest: 
  {
    "private": true,
    "name": "sanity-gatsby-blog-studio",
    "version": "1.0.7",
    "main": "package.json",
    "author": "Sanity <hello@sanity.io>",
    "scripts": {
      "dev": "sanity start",
      "format": "prettier-eslint --write \"**/*.js\" \"!node_modules/**\"",
      "build": "sanity build",
      "graphql-deploy": "sanity graphql deploy --playground",
      "lint": "eslint .",
      "test": "sanity check"
    },
    "dependencies": {
      "@sanity/base": "^1.149",
      "@sanity/cli": "^1.149",
      "@sanity/components": "^1.149",
      "@sanity/core": "^1.149",
      "@sanity/dashboard": "^1.149",
      "@sanity/default-layout": "^1.149",
      "@sanity/default-login": "^1.149",
      "@sanity/desk-tool": "^1.149",
      "@sanity/studio-hints": "^1.149",
      "date-fns": "^1.30.1",
      "prop-types": "^15.7.2",
      "react": "^16.8.6",
      "react-dom": "^16.8.6",
      "sanity-plugin-dashboard-widget-document-list": "^0.0.10",
      "sanity-plugin-dashboard-widget-netlify": "^1.0.1"
    },
    "devDependencies": {
      "babel-eslint": "^10.0.1",
      "eslint": "^5.16.0",
      "eslint-config-standard": "^12.0.0",
      "eslint-config-standard-react": "^7.0.2",
      "eslint-plugin-import": "^2.17.3",
      "eslint-plugin-node": "^9.1.0",
      "eslint-plugin-promise": "^4.1.1",
      "eslint-plugin-react": "^7.13.0",
      "eslint-plugin-standard": "^4.0.0",
      "prettier-eslint-cli": "^4.7.1"
    }
  }

yarn manifest: 
  No manifest

Lockfile: 
  No lockfile
